0 info it worked if it ends with ok
1 verbose cli [ '/usr/local/bin/node',
1 verbose cli   '/usr/local/bin/npm',
1 verbose cli   'install',
1 verbose cli   '­g',
1 verbose cli   '@angular/cli' ]
2 info using npm@3.10.10
3 info using node@v6.10.3
4 silly loadCurrentTree Starting
5 silly install loadCurrentTree
6 silly install readLocalPackageData
7 silly fetchPackageMetaData ­g
8 silly fetchPackageMetaData @angular/cli
9 silly fetchOtherPackageData ­g
10 silly cache add args [ '­g', null ]
11 verbose cache add spec ­g
12 silly fetchNamedPackageData @angular/cli
13 silly mapToRegistry name @angular/cli
14 silly mapToRegistry scope (from package name) @angular
15 verbose mapToRegistry no registry URL found in name for scope @angular
16 silly mapToRegistry using default registry
17 silly mapToRegistry registry https://registry.npmjs.org/
18 silly mapToRegistry data Result {
18 silly mapToRegistry   raw: '@angular/cli',
18 silly mapToRegistry   scope: '@angular',
18 silly mapToRegistry   escapedName: '@angular%2fcli',
18 silly mapToRegistry   name: '@angular/cli',
18 silly mapToRegistry   rawSpec: '',
18 silly mapToRegistry   spec: 'latest',
18 silly mapToRegistry   type: 'tag' }
19 silly mapToRegistry uri https://registry.npmjs.org/@angular%2fcli
20 silly cache add parsed spec Result {
20 silly cache add   raw: '­g',
20 silly cache add   scope: null,
20 silly cache add   escapedName: null,
20 silly cache add   name: null,
20 silly cache add   rawSpec: '­g',
20 silly cache add   spec: '/Users/rolandbc/Workspace/paidou/paidou/­g',
20 silly cache add   type: 'local' }
21 error addLocal Could not install /Users/rolandbc/Workspace/paidou/paidou/­g
22 silly fetchPackageMetaData Error: ENOENT: no such file or directory, open '/Users/rolandbc/Workspace/paidou/paidou/­g'
22 silly fetchPackageMetaData     at Error (native)
22 silly fetchPackageMetaData  error for ­g { Error: ENOENT: no such file or directory, open '/Users/rolandbc/Workspace/paidou/paidou/­g'
22 silly fetchPackageMetaData     at Error (native)
22 silly fetchPackageMetaData   errno: -2,
22 silly fetchPackageMetaData   code: 'ENOENT',
22 silly fetchPackageMetaData   syscall: 'open',
22 silly fetchPackageMetaData   path: '/Users/rolandbc/Workspace/paidou/paidou/­g' }
23 verbose request uri https://registry.npmjs.org/@angular%2fcli
24 verbose request no auth needed
25 info attempt registry request try #1 at 9:23:38 AM
26 verbose request id 18ed1fd208884f19
27 verbose etag W/"5a5261c4-45c91"
28 verbose lastModified Sun, 07 Jan 2018 18:07:00 GMT
29 http request GET https://registry.npmjs.org/@angular%2fcli
30 http 304 https://registry.npmjs.org/@angular%2fcli
31 verbose headers { date: 'Mon, 08 Jan 2018 08:23:39 GMT',
31 verbose headers   via: '1.1 varnish',
31 verbose headers   'cache-control': 'max-age=0',
31 verbose headers   etag: 'W/"5a5261c4-45c91"',
31 verbose headers   age: '0',
31 verbose headers   connection: 'keep-alive',
31 verbose headers   'x-served-by': 'cache-lhr6345-LHR',
31 verbose headers   'x-cache': 'MISS',
31 verbose headers   'x-cache-hits': '0',
31 verbose headers   'x-timer': 'S1515399820.859768,VS0,VE862',
31 verbose headers   vary: 'Accept-Encoding' }
32 silly get cb [ 304,
32 silly get   { date: 'Mon, 08 Jan 2018 08:23:39 GMT',
32 silly get     via: '1.1 varnish',
32 silly get     'cache-control': 'max-age=0',
32 silly get     etag: 'W/"5a5261c4-45c91"',
32 silly get     age: '0',
32 silly get     connection: 'keep-alive',
32 silly get     'x-served-by': 'cache-lhr6345-LHR',
32 silly get     'x-cache': 'MISS',
32 silly get     'x-cache-hits': '0',
32 silly get     'x-timer': 'S1515399820.859768,VS0,VE862',
32 silly get     vary: 'Accept-Encoding' } ]
33 verbose etag https://registry.npmjs.org/@angular%2fcli from cache
34 verbose get saving @angular/cli to /Users/rolandbc/.npm/registry.npmjs.org/_40angular_252fcli/.cache.json
35 verbose correctMkdir /Users/rolandbc/.npm correctMkdir not in flight; initializing
36 silly rollbackFailedOptional Starting
37 silly rollbackFailedOptional Finishing
38 silly runTopLevelLifecycles Finishing
39 silly install printInstalled
40 verbose stack Error: ENOENT: no such file or directory, open '/Users/rolandbc/Workspace/paidou/paidou/­g'
40 verbose stack     at Error (native)
41 verbose cwd /Users/rolandbc/Workspace/paidou/paidou
42 error Darwin 16.7.0
43 error argv "/usr/local/bin/node" "/usr/local/bin/npm" "install" "­g" "@angular/cli"
44 error node v6.10.3
45 error npm  v3.10.10
46 error path /Users/rolandbc/Workspace/paidou/paidou/­g
47 error code ENOENT
48 error errno -2
49 error syscall open
50 error enoent ENOENT: no such file or directory, open '/Users/rolandbc/Workspace/paidou/paidou/­g'
51 error enoent ENOENT: no such file or directory, open '/Users/rolandbc/Workspace/paidou/paidou/­g'
51 error enoent This is most likely not a problem with npm itself
51 error enoent and is related to npm not being able to find a file.
52 verbose exit [ -2, true ]
